{"C:\\Users\\Nata\\Documents\\Intellectfox\\dev\\if-js\\scr\\colors.js": {"path":"C:\\Users\\Nata\\Documents\\Intellectfox\\dev\\if-js\\scr\\colors.js","statementMap":{"0":{"start":{"line":4,"column":16},"end":{"line":4,"column":17}},"1":{"start":{"line":5,"column":2},"end":{"line":12,"column":4}},"2":{"start":{"line":6,"column":4},"end":{"line":8,"column":5}},"3":{"start":{"line":7,"column":6},"end":{"line":7,"column":18}},"4":{"start":{"line":9,"column":4},"end":{"line":9,"column":36}},"5":{"start":{"line":10,"column":4},"end":{"line":10,"column":14}},"6":{"start":{"line":11,"column":4},"end":{"line":11,"column":25}}},"fnMap":{"0":{"name":"getColor","decl":{"start":{"line":3,"column":16},"end":{"line":3,"column":24}},"loc":{"start":{"line":3,"column":28},"end":{"line":13,"column":1}},"line":3},"1":{"name":"(anonymous_1)","decl":{"start":{"line":5,"column":9},"end":{"line":5,"column":10}},"loc":{"start":{"line":5,"column":21},"end":{"line":12,"column":3}},"line":5}},"branchMap":{"0":{"loc":{"start":{"line":6,"column":4},"end":{"line":8,"column":5}},"type":"if","locations":[{"start":{"line":6,"column":4},"end":{"line":8,"column":5}},{"start":{},"end":{}}],"line":6}},"s":{"0":3,"1":3,"2":3,"3":0,"4":3,"5":3,"6":3},"f":{"0":3,"1":3},"b":{"0":[0,3]},"_coverageSchema":"1a1c01bbd47fc00a2c39e90264f33305004495a9","hash":"75d30a7957a4ba92c61b8bee17509ff390e88a46"}
,"C:\\Users\\Nata\\Documents\\Intellectfox\\dev\\if-js\\scr\\main.js": {"path":"C:\\Users\\Nata\\Documents\\Intellectfox\\dev\\if-js\\scr\\main.js","statementMap":{"0":{"start":{"line":6,"column":0},"end":{"line":6,"column":24}},"1":{"start":{"line":7,"column":0},"end":{"line":7,"column":44}},"2":{"start":{"line":9,"column":11},"end":{"line":9,"column":21}},"3":{"start":{"line":10,"column":0},"end":{"line":10,"column":18}},"4":{"start":{"line":11,"column":16},"end":{"line":11,"column":34}},"5":{"start":{"line":12,"column":0},"end":{"line":12,"column":21}},"6":{"start":{"line":13,"column":0},"end":{"line":13,"column":15}},"7":{"start":{"line":14,"column":0},"end":{"line":14,"column":18}},"8":{"start":{"line":15,"column":0},"end":{"line":15,"column":44}},"9":{"start":{"line":17,"column":11},"end":{"line":17,"column":12}},"10":{"start":{"line":18,"column":0},"end":{"line":18,"column":12}},"11":{"start":{"line":19,"column":0},"end":{"line":19,"column":18}},"12":{"start":{"line":20,"column":0},"end":{"line":20,"column":10}},"13":{"start":{"line":21,"column":0},"end":{"line":21,"column":18}},"14":{"start":{"line":22,"column":0},"end":{"line":22,"column":21}},"15":{"start":{"line":23,"column":0},"end":{"line":23,"column":18}},"16":{"start":{"line":24,"column":0},"end":{"line":24,"column":44}},"17":{"start":{"line":26,"column":10},"end":{"line":26,"column":22}},"18":{"start":{"line":27,"column":14},"end":{"line":27,"column":15}},"19":{"start":{"line":29,"column":0},"end":{"line":31,"column":1}},"20":{"start":{"line":29,"column":13},"end":{"line":29,"column":14}},"21":{"start":{"line":30,"column":2},"end":{"line":30,"column":29}},"22":{"start":{"line":33,"column":0},"end":{"line":33,"column":67}},"23":{"start":{"line":34,"column":0},"end":{"line":34,"column":44}},"24":{"start":{"line":36,"column":0},"end":{"line":36,"column":33}},"25":{"start":{"line":37,"column":0},"end":{"line":37,"column":71}},"26":{"start":{"line":39,"column":0},"end":{"line":43,"column":1}},"27":{"start":{"line":39,"column":13},"end":{"line":39,"column":14}},"28":{"start":{"line":40,"column":2},"end":{"line":42,"column":3}},"29":{"start":{"line":41,"column":4},"end":{"line":41,"column":24}},"30":{"start":{"line":45,"column":0},"end":{"line":45,"column":44}},"31":{"start":{"line":47,"column":0},"end":{"line":47,"column":33}},"32":{"start":{"line":48,"column":0},"end":{"line":48,"column":40}},"33":{"start":{"line":50,"column":0},"end":{"line":54,"column":1}},"34":{"start":{"line":50,"column":13},"end":{"line":50,"column":14}},"35":{"start":{"line":51,"column":2},"end":{"line":53,"column":3}},"36":{"start":{"line":52,"column":4},"end":{"line":52,"column":24}},"37":{"start":{"line":56,"column":0},"end":{"line":56,"column":56}},"38":{"start":{"line":58,"column":0},"end":{"line":58,"column":24}},"39":{"start":{"line":59,"column":0},"end":{"line":59,"column":44}},"40":{"start":{"line":61,"column":14},"end":{"line":61,"column":16}},"41":{"start":{"line":63,"column":2},"end":{"line":65,"column":3}},"42":{"start":{"line":63,"column":15},"end":{"line":63,"column":16}},"43":{"start":{"line":64,"column":4},"end":{"line":64,"column":39}},"44":{"start":{"line":67,"column":2},"end":{"line":71,"column":3}},"45":{"start":{"line":68,"column":4},"end":{"line":68,"column":18}},"46":{"start":{"line":70,"column":4},"end":{"line":70,"column":19}},"47":{"start":{"line":74,"column":0},"end":{"line":74,"column":35}},"48":{"start":{"line":75,"column":0},"end":{"line":75,"column":44}},"49":{"start":{"line":78,"column":2},"end":{"line":82,"column":3}},"50":{"start":{"line":79,"column":4},"end":{"line":79,"column":13}},"51":{"start":{"line":81,"column":4},"end":{"line":81,"column":13}},"52":{"start":{"line":85,"column":0},"end":{"line":85,"column":43}},"53":{"start":{"line":88,"column":2},"end":{"line":88,"column":23}},"54":{"start":{"line":91,"column":0},"end":{"line":91,"column":62}},"55":{"start":{"line":92,"column":0},"end":{"line":92,"column":44}},"56":{"start":{"line":95,"column":2},"end":{"line":99,"column":3}},"57":{"start":{"line":96,"column":4},"end":{"line":96,"column":13}},"58":{"start":{"line":98,"column":4},"end":{"line":98,"column":13}},"59":{"start":{"line":102,"column":0},"end":{"line":102,"column":43}},"60":{"start":{"line":105,"column":2},"end":{"line":105,"column":23}},"61":{"start":{"line":108,"column":0},"end":{"line":108,"column":62}},"62":{"start":{"line":109,"column":0},"end":{"line":109,"column":44}},"63":{"start":{"line":111,"column":12},"end":{"line":111,"column":14}},"64":{"start":{"line":113,"column":0},"end":{"line":115,"column":1}},"65":{"start":{"line":113,"column":13},"end":{"line":113,"column":14}},"66":{"start":{"line":114,"column":2},"end":{"line":114,"column":48}},"67":{"start":{"line":117,"column":0},"end":{"line":117,"column":38}},"68":{"start":{"line":120,"column":2},"end":{"line":128,"column":3}},"69":{"start":{"line":120,"column":15},"end":{"line":120,"column":16}},"70":{"start":{"line":121,"column":4},"end":{"line":121,"column":25}},"71":{"start":{"line":122,"column":4},"end":{"line":122,"column":39}},"72":{"start":{"line":123,"column":4},"end":{"line":123,"column":39}},"73":{"start":{"line":125,"column":4},"end":{"line":127,"column":5}},"74":{"start":{"line":126,"column":6},"end":{"line":126,"column":30}},"75":{"start":{"line":130,"column":2},"end":{"line":130,"column":13}},"76":{"start":{"line":133,"column":0},"end":{"line":133,"column":62}},"77":{"start":{"line":135,"column":0},"end":{"line":135,"column":56}},"78":{"start":{"line":137,"column":0},"end":{"line":137,"column":24}},"79":{"start":{"line":138,"column":0},"end":{"line":138,"column":44}},"80":{"start":{"line":140,"column":0},"end":{"line":140,"column":50}},"81":{"start":{"line":141,"column":0},"end":{"line":141,"column":44}},"82":{"start":{"line":143,"column":22},"end":{"line":149,"column":1}},"83":{"start":{"line":151,"column":14},"end":{"line":151,"column":46}},"84":{"start":{"line":152,"column":14},"end":{"line":152,"column":46}},"85":{"start":{"line":153,"column":14},"end":{"line":153,"column":46}},"86":{"start":{"line":154,"column":18},"end":{"line":154,"column":39}},"87":{"start":{"line":156,"column":0},"end":{"line":160,"column":1}},"88":{"start":{"line":156,"column":13},"end":{"line":156,"column":14}},"89":{"start":{"line":157,"column":2},"end":{"line":159,"column":3}},"90":{"start":{"line":158,"column":4},"end":{"line":158,"column":67}},"91":{"start":{"line":162,"column":0},"end":{"line":162,"column":56}},"92":{"start":{"line":164,"column":0},"end":{"line":164,"column":24}},"93":{"start":{"line":165,"column":0},"end":{"line":165,"column":44}},"94":{"start":{"line":167,"column":13},"end":{"line":167,"column":25}},"95":{"start":{"line":168,"column":0},"end":{"line":168,"column":36}},"96":{"start":{"line":169,"column":0},"end":{"line":169,"column":60}},"97":{"start":{"line":170,"column":0},"end":{"line":170,"column":44}},"98":{"start":{"line":173,"column":17},"end":{"line":173,"column":19}},"99":{"start":{"line":175,"column":2},"end":{"line":181,"column":3}},"100":{"start":{"line":175,"column":15},"end":{"line":175,"column":16}},"101":{"start":{"line":176,"column":23},"end":{"line":176,"column":78}},"102":{"start":{"line":178,"column":4},"end":{"line":180,"column":5}},"103":{"start":{"line":179,"column":6},"end":{"line":179,"column":30}},"104":{"start":{"line":183,"column":2},"end":{"line":183,"column":51}},"105":{"start":{"line":186,"column":10},"end":{"line":186,"column":18}},"106":{"start":{"line":187,"column":0},"end":{"line":187,"column":54}},"107":{"start":{"line":189,"column":0},"end":{"line":189,"column":56}},"108":{"start":{"line":191,"column":0},"end":{"line":191,"column":24}},"109":{"start":{"line":192,"column":0},"end":{"line":192,"column":44}},"110":{"start":{"line":195,"column":2},"end":{"line":195,"column":48}},"111":{"start":{"line":198,"column":13},"end":{"line":198,"column":20}},"112":{"start":{"line":199,"column":0},"end":{"line":199,"column":75}},"113":{"start":{"line":200,"column":0},"end":{"line":200,"column":44}},"114":{"start":{"line":203,"column":17},"end":{"line":205,"column":3}},"115":{"start":{"line":204,"column":4},"end":{"line":204,"column":63}},"116":{"start":{"line":207,"column":18},"end":{"line":207,"column":20}},"117":{"start":{"line":209,"column":2},"end":{"line":215,"column":4}},"118":{"start":{"line":211,"column":7},"end":{"line":214,"column":7}},"119":{"start":{"line":217,"column":2},"end":{"line":217,"column":19}},"120":{"start":{"line":220,"column":0},"end":{"line":220,"column":12}},"121":{"start":{"line":221,"column":0},"end":{"line":221,"column":57}},"122":{"start":{"line":222,"column":0},"end":{"line":222,"column":44}},"123":{"start":{"line":225,"column":2},"end":{"line":233,"column":9}},"124":{"start":{"line":226,"column":4},"end":{"line":232,"column":5}},"125":{"start":{"line":227,"column":6},"end":{"line":227,"column":60}},"126":{"start":{"line":228,"column":6},"end":{"line":228,"column":17}},"127":{"start":{"line":230,"column":6},"end":{"line":230,"column":38}},"128":{"start":{"line":231,"column":6},"end":{"line":231,"column":17}},"129":{"start":{"line":236,"column":0},"end":{"line":239,"column":2}},"130":{"start":{"line":240,"column":0},"end":{"line":240,"column":44}},"131":{"start":{"line":243,"column":19},"end":{"line":243,"column":20}},"132":{"start":{"line":245,"column":2},"end":{"line":270,"column":3}},"133":{"start":{"line":246,"column":4},"end":{"line":246,"column":24}},"134":{"start":{"line":248,"column":4},"end":{"line":248,"column":67}},"135":{"start":{"line":249,"column":17},"end":{"line":249,"column":19}},"136":{"start":{"line":250,"column":16},"end":{"line":250,"column":43}},"137":{"start":{"line":252,"column":4},"end":{"line":267,"column":5}},"138":{"start":{"line":252,"column":17},"end":{"line":252,"column":18}},"139":{"start":{"line":253,"column":24},"end":{"line":253,"column":26}},"140":{"start":{"line":255,"column":6},"end":{"line":264,"column":7}},"141":{"start":{"line":255,"column":19},"end":{"line":255,"column":20}},"142":{"start":{"line":256,"column":8},"end":{"line":258,"column":39}},"143":{"start":{"line":259,"column":8},"end":{"line":259,"column":16}},"144":{"start":{"line":261,"column":8},"end":{"line":263,"column":9}},"145":{"start":{"line":262,"column":10},"end":{"line":262,"column":38}},"146":{"start":{"line":266,"column":6},"end":{"line":266,"column":38}},"147":{"start":{"line":269,"column":4},"end":{"line":269,"column":18}},"148":{"start":{"line":273,"column":20},"end":{"line":273,"column":22}},"149":{"start":{"line":274,"column":19},"end":{"line":274,"column":20}},"150":{"start":{"line":275,"column":18},"end":{"line":275,"column":19}},"151":{"start":{"line":276,"column":22},"end":{"line":276,"column":74}},"152":{"start":{"line":277,"column":0},"end":{"line":277,"column":27}},"153":{"start":{"line":279,"column":0},"end":{"line":279,"column":44}}},"fnMap":{"0":{"name":"palindrome","decl":{"start":{"line":60,"column":9},"end":{"line":60,"column":19}},"loc":{"start":{"line":60,"column":26},"end":{"line":72,"column":1}},"line":60},"1":{"name":"min","decl":{"start":{"line":77,"column":9},"end":{"line":77,"column":12}},"loc":{"start":{"line":77,"column":19},"end":{"line":83,"column":1}},"line":77},"2":{"name":"minWithTernaryOperator","decl":{"start":{"line":87,"column":9},"end":{"line":87,"column":31}},"loc":{"start":{"line":87,"column":38},"end":{"line":89,"column":1}},"line":87},"3":{"name":"max","decl":{"start":{"line":94,"column":9},"end":{"line":94,"column":12}},"loc":{"start":{"line":94,"column":19},"end":{"line":100,"column":1}},"line":94},"4":{"name":"maxWithTernaryOperator","decl":{"start":{"line":104,"column":9},"end":{"line":104,"column":31}},"loc":{"start":{"line":104,"column":38},"end":{"line":106,"column":1}},"line":104},"5":{"name":"replaceZeroWithString","decl":{"start":{"line":119,"column":9},"end":{"line":119,"column":30}},"loc":{"start":{"line":119,"column":36},"end":{"line":131,"column":1}},"line":119},"6":{"name":"stringSearch","decl":{"start":{"line":172,"column":9},"end":{"line":172,"column":21}},"loc":{"start":{"line":172,"column":27},"end":{"line":184,"column":1}},"line":172},"7":{"name":"palindromeNew","decl":{"start":{"line":194,"column":9},"end":{"line":194,"column":22}},"loc":{"start":{"line":194,"column":29},"end":{"line":196,"column":1}},"line":194},"8":{"name":"newStringSearch","decl":{"start":{"line":202,"column":9},"end":{"line":202,"column":24}},"loc":{"start":{"line":202,"column":30},"end":{"line":218,"column":1}},"line":202},"9":{"name":"(anonymous_9)","decl":{"start":{"line":203,"column":31},"end":{"line":203,"column":32}},"loc":{"start":{"line":204,"column":4},"end":{"line":204,"column":63}},"line":204},"10":{"name":"(anonymous_10)","decl":{"start":{"line":210,"column":4},"end":{"line":210,"column":5}},"loc":{"start":{"line":211,"column":7},"end":{"line":214,"column":7}},"line":211},"11":{"name":"matchCountryWithCities","decl":{"start":{"line":224,"column":9},"end":{"line":224,"column":31}},"loc":{"start":{"line":224,"column":37},"end":{"line":234,"column":1}},"line":224},"12":{"name":"(anonymous_12)","decl":{"start":{"line":225,"column":20},"end":{"line":225,"column":21}},"loc":{"start":{"line":225,"column":35},"end":{"line":233,"column":3}},"line":225},"13":{"name":"getCalendarMonth","decl":{"start":{"line":242,"column":9},"end":{"line":242,"column":25}},"loc":{"start":{"line":242,"column":62},"end":{"line":271,"column":1}},"line":242}},"branchMap":{"0":{"loc":{"start":{"line":40,"column":2},"end":{"line":42,"column":3}},"type":"if","locations":[{"start":{"line":40,"column":2},"end":{"line":42,"column":3}},{"start":{},"end":{}}],"line":40},"1":{"loc":{"start":{"line":40,"column":6},"end":{"line":40,"column":31}},"type":"binary-expr","locations":[{"start":{"line":40,"column":6},"end":{"line":40,"column":16}},{"start":{"line":40,"column":20},"end":{"line":40,"column":31}}],"line":40},"2":{"loc":{"start":{"line":51,"column":2},"end":{"line":53,"column":3}},"type":"if","locations":[{"start":{"line":51,"column":2},"end":{"line":53,"column":3}},{"start":{},"end":{}}],"line":51},"3":{"loc":{"start":{"line":67,"column":2},"end":{"line":71,"column":3}},"type":"if","locations":[{"start":{"line":67,"column":2},"end":{"line":71,"column":3}},{"start":{"line":69,"column":9},"end":{"line":71,"column":3}}],"line":67},"4":{"loc":{"start":{"line":78,"column":2},"end":{"line":82,"column":3}},"type":"if","locations":[{"start":{"line":78,"column":2},"end":{"line":82,"column":3}},{"start":{"line":80,"column":9},"end":{"line":82,"column":3}}],"line":78},"5":{"loc":{"start":{"line":88,"column":9},"end":{"line":88,"column":22}},"type":"cond-expr","locations":[{"start":{"line":88,"column":17},"end":{"line":88,"column":18}},{"start":{"line":88,"column":21},"end":{"line":88,"column":22}}],"line":88},"6":{"loc":{"start":{"line":95,"column":2},"end":{"line":99,"column":3}},"type":"if","locations":[{"start":{"line":95,"column":2},"end":{"line":99,"column":3}},{"start":{"line":97,"column":9},"end":{"line":99,"column":3}}],"line":95},"7":{"loc":{"start":{"line":105,"column":9},"end":{"line":105,"column":22}},"type":"cond-expr","locations":[{"start":{"line":105,"column":17},"end":{"line":105,"column":18}},{"start":{"line":105,"column":21},"end":{"line":105,"column":22}}],"line":105},"8":{"loc":{"start":{"line":125,"column":4},"end":{"line":127,"column":5}},"type":"if","locations":[{"start":{"line":125,"column":4},"end":{"line":127,"column":5}},{"start":{},"end":{}}],"line":125},"9":{"loc":{"start":{"line":157,"column":2},"end":{"line":159,"column":3}},"type":"if","locations":[{"start":{"line":157,"column":2},"end":{"line":159,"column":3}},{"start":{},"end":{}}],"line":157},"10":{"loc":{"start":{"line":178,"column":4},"end":{"line":180,"column":5}},"type":"if","locations":[{"start":{"line":178,"column":4},"end":{"line":180,"column":5}},{"start":{},"end":{}}],"line":178},"11":{"loc":{"start":{"line":183,"column":9},"end":{"line":183,"column":50}},"type":"cond-expr","locations":[{"start":{"line":183,"column":29},"end":{"line":183,"column":35}},{"start":{"line":183,"column":38},"end":{"line":183,"column":50}}],"line":183},"12":{"loc":{"start":{"line":226,"column":4},"end":{"line":232,"column":5}},"type":"if","locations":[{"start":{"line":226,"column":4},"end":{"line":232,"column":5}},{"start":{"line":229,"column":11},"end":{"line":232,"column":5}}],"line":226},"13":{"loc":{"start":{"line":245,"column":2},"end":{"line":270,"column":3}},"type":"if","locations":[{"start":{"line":245,"column":2},"end":{"line":270,"column":3}},{"start":{"line":247,"column":9},"end":{"line":270,"column":3}}],"line":245},"14":{"loc":{"start":{"line":245,"column":6},"end":{"line":245,"column":47}},"type":"binary-expr","locations":[{"start":{"line":245,"column":6},"end":{"line":245,"column":20}},{"start":{"line":245,"column":24},"end":{"line":245,"column":47}}],"line":245},"15":{"loc":{"start":{"line":256,"column":8},"end":{"line":258,"column":38}},"type":"cond-expr","locations":[{"start":{"line":257,"column":12},"end":{"line":257,"column":33}},{"start":{"line":258,"column":12},"end":{"line":258,"column":38}}],"line":256},"16":{"loc":{"start":{"line":261,"column":8},"end":{"line":263,"column":9}},"type":"if","locations":[{"start":{"line":261,"column":8},"end":{"line":263,"column":9}},{"start":{},"end":{}}],"line":261}},"s":{"0":1,"1":1,"2":1,"3":1,"4":1,"5":1,"6":1,"7":1,"8":1,"9":1,"10":1,"11":1,"12":1,"13":1,"14":1,"15":1,"16":1,"17":1,"18":1,"19":1,"20":1,"21":4,"22":1,"23":1,"24":1,"25":1,"26":1,"27":1,"28":8,"29":2,"30":1,"31":1,"32":1,"33":1,"34":1,"35":8,"36":5,"37":1,"38":1,"39":1,"40":1,"41":1,"42":1,"43":7,"44":1,"45":1,"46":0,"47":1,"48":1,"49":1,"50":1,"51":0,"52":1,"53":1,"54":1,"55":1,"56":1,"57":0,"58":1,"59":1,"60":1,"61":1,"62":1,"63":1,"64":1,"65":1,"66":10,"67":1,"68":1,"69":1,"70":10,"71":10,"72":10,"73":10,"74":10,"75":1,"76":1,"77":1,"78":1,"79":1,"80":1,"81":1,"82":1,"83":1,"84":1,"85":1,"86":1,"87":1,"88":1,"89":4,"90":0,"91":1,"92":1,"93":1,"94":1,"95":1,"96":1,"97":1,"98":1,"99":1,"100":1,"101":8,"102":8,"103":2,"104":1,"105":1,"106":1,"107":1,"108":1,"109":1,"110":1,"111":1,"112":1,"113":1,"114":1,"115":31,"116":1,"117":1,"118":3,"119":1,"120":1,"121":1,"122":1,"123":1,"124":31,"125":8,"126":8,"127":23,"128":23,"129":1,"130":1,"131":1,"132":1,"133":0,"134":1,"135":1,"136":1,"137":1,"138":1,"139":5,"140":5,"141":5,"142":35,"143":35,"144":35,"145":1,"146":5,"147":1,"148":1,"149":1,"150":1,"151":1,"152":1,"153":1},"f":{"0":1,"1":1,"2":1,"3":1,"4":1,"5":1,"6":1,"7":1,"8":1,"9":31,"10":3,"11":1,"12":31,"13":1},"b":{"0":[2,6],"1":[8,4],"2":[5,3],"3":[1,0],"4":[1,0],"5":[1,0],"6":[0,1],"7":[0,1],"8":[10,0],"9":[0,4],"10":[2,6],"11":[1,0],"12":[8,23],"13":[0,1],"14":[1,1],"15":[5,30],"16":[1,34]},"_coverageSchema":"1a1c01bbd47fc00a2c39e90264f33305004495a9","hash":"57d39b8b639a6d98a5b15080c71d271f61eb7e85"}
,"C:\\Users\\Nata\\Documents\\Intellectfox\\dev\\if-js\\scr\\sum.js": {"path":"C:\\Users\\Nata\\Documents\\Intellectfox\\dev\\if-js\\scr\\sum.js","statementMap":{"0":{"start":{"line":2,"column":2},"end":{"line":4,"column":4}},"1":{"start":{"line":3,"column":4},"end":{"line":3,"column":17}},"2":{"start":{"line":8,"column":2},"end":{"line":8,"column":45}}},"fnMap":{"0":{"name":"sum","decl":{"start":{"line":1,"column":16},"end":{"line":1,"column":19}},"loc":{"start":{"line":1,"column":23},"end":{"line":5,"column":1}},"line":1},"1":{"name":"(anonymous_1)","decl":{"start":{"line":2,"column":9},"end":{"line":2,"column":10}},"loc":{"start":{"line":2,"column":22},"end":{"line":4,"column":3}},"line":2},"2":{"name":"changeDateFormat","decl":{"start":{"line":7,"column":16},"end":{"line":7,"column":32}},"loc":{"start":{"line":7,"column":39},"end":{"line":9,"column":1}},"line":7}},"branchMap":{},"s":{"0":2,"1":2,"2":2},"f":{"0":2,"1":2,"2":2},"b":{},"_coverageSchema":"1a1c01bbd47fc00a2c39e90264f33305004495a9","hash":"4317806b90432272c91cf1b8e7ba05db8cc9e2b5"}
,"C:\\Users\\Nata\\Documents\\Intellectfox\\dev\\if-js\\scr\\constants\\data.js": {"path":"C:\\Users\\Nata\\Documents\\Intellectfox\\dev\\if-js\\scr\\constants\\data.js","statementMap":{"0":{"start":{"line":1,"column":20},"end":{"line":42,"column":1}}},"fnMap":{},"branchMap":{},"s":{"0":1},"f":{},"b":{},"_coverageSchema":"1a1c01bbd47fc00a2c39e90264f33305004495a9","hash":"c80ad305cd711d863e636ca04492dde070273fce"}
,"C:\\Users\\Nata\\Documents\\Intellectfox\\dev\\if-js\\scr\\constants\\hotels.js": {"path":"C:\\Users\\Nata\\Documents\\Intellectfox\\dev\\if-js\\scr\\constants\\hotels.js","statementMap":{"0":{"start":{"line":1,"column":22},"end":{"line":157,"column":1}}},"fnMap":{},"branchMap":{},"s":{"0":1},"f":{},"b":{},"_coverageSchema":"1a1c01bbd47fc00a2c39e90264f33305004495a9","hash":"9b8d1ffefcf22c2d2a3e0296804d3492227503fc"}
}
