{"C:\\Users\\Nata\\Documents\\Intellectfox\\dev\\if-js\\scr\\colors.js": {"path":"C:\\Users\\Nata\\Documents\\Intellectfox\\dev\\if-js\\scr\\colors.js","statementMap":{"0":{"start":{"line":4,"column":16},"end":{"line":4,"column":17}},"1":{"start":{"line":5,"column":2},"end":{"line":12,"column":4}},"2":{"start":{"line":6,"column":4},"end":{"line":8,"column":5}},"3":{"start":{"line":7,"column":6},"end":{"line":7,"column":18}},"4":{"start":{"line":9,"column":4},"end":{"line":9,"column":36}},"5":{"start":{"line":10,"column":4},"end":{"line":10,"column":14}},"6":{"start":{"line":11,"column":4},"end":{"line":11,"column":25}}},"fnMap":{"0":{"name":"getColor","decl":{"start":{"line":3,"column":16},"end":{"line":3,"column":24}},"loc":{"start":{"line":3,"column":28},"end":{"line":13,"column":1}},"line":3},"1":{"name":"(anonymous_1)","decl":{"start":{"line":5,"column":9},"end":{"line":5,"column":10}},"loc":{"start":{"line":5,"column":21},"end":{"line":12,"column":3}},"line":5}},"branchMap":{"0":{"loc":{"start":{"line":6,"column":4},"end":{"line":8,"column":5}},"type":"if","locations":[{"start":{"line":6,"column":4},"end":{"line":8,"column":5}},{"start":{},"end":{}}],"line":6}},"s":{"0":3,"1":3,"2":3,"3":0,"4":3,"5":3,"6":3},"f":{"0":3,"1":3},"b":{"0":[0,3]},"_coverageSchema":"1a1c01bbd47fc00a2c39e90264f33305004495a9","hash":"75d30a7957a4ba92c61b8bee17509ff390e88a46"}
,"C:\\Users\\Nata\\Documents\\Intellectfox\\dev\\if-js\\scr\\main.js": {"path":"C:\\Users\\Nata\\Documents\\Intellectfox\\dev\\if-js\\scr\\main.js","statementMap":{"0":{"start":{"line":10,"column":0},"end":{"line":10,"column":24}},"1":{"start":{"line":11,"column":0},"end":{"line":11,"column":44}},"2":{"start":{"line":13,"column":11},"end":{"line":13,"column":21}},"3":{"start":{"line":14,"column":0},"end":{"line":14,"column":18}},"4":{"start":{"line":15,"column":16},"end":{"line":15,"column":34}},"5":{"start":{"line":16,"column":0},"end":{"line":16,"column":21}},"6":{"start":{"line":17,"column":0},"end":{"line":17,"column":15}},"7":{"start":{"line":18,"column":0},"end":{"line":18,"column":18}},"8":{"start":{"line":19,"column":0},"end":{"line":19,"column":44}},"9":{"start":{"line":21,"column":11},"end":{"line":21,"column":12}},"10":{"start":{"line":22,"column":0},"end":{"line":22,"column":12}},"11":{"start":{"line":23,"column":0},"end":{"line":23,"column":18}},"12":{"start":{"line":24,"column":0},"end":{"line":24,"column":10}},"13":{"start":{"line":25,"column":0},"end":{"line":25,"column":18}},"14":{"start":{"line":26,"column":0},"end":{"line":26,"column":21}},"15":{"start":{"line":27,"column":0},"end":{"line":27,"column":18}},"16":{"start":{"line":28,"column":0},"end":{"line":28,"column":44}},"17":{"start":{"line":30,"column":10},"end":{"line":30,"column":22}},"18":{"start":{"line":31,"column":14},"end":{"line":31,"column":15}},"19":{"start":{"line":33,"column":0},"end":{"line":35,"column":1}},"20":{"start":{"line":33,"column":13},"end":{"line":33,"column":14}},"21":{"start":{"line":34,"column":2},"end":{"line":34,"column":29}},"22":{"start":{"line":37,"column":0},"end":{"line":37,"column":67}},"23":{"start":{"line":38,"column":0},"end":{"line":38,"column":44}},"24":{"start":{"line":40,"column":0},"end":{"line":40,"column":33}},"25":{"start":{"line":41,"column":0},"end":{"line":41,"column":71}},"26":{"start":{"line":43,"column":0},"end":{"line":47,"column":1}},"27":{"start":{"line":43,"column":13},"end":{"line":43,"column":14}},"28":{"start":{"line":44,"column":2},"end":{"line":46,"column":3}},"29":{"start":{"line":45,"column":4},"end":{"line":45,"column":24}},"30":{"start":{"line":49,"column":0},"end":{"line":49,"column":44}},"31":{"start":{"line":51,"column":0},"end":{"line":51,"column":33}},"32":{"start":{"line":52,"column":0},"end":{"line":52,"column":40}},"33":{"start":{"line":54,"column":0},"end":{"line":58,"column":1}},"34":{"start":{"line":54,"column":13},"end":{"line":54,"column":14}},"35":{"start":{"line":55,"column":2},"end":{"line":57,"column":3}},"36":{"start":{"line":56,"column":4},"end":{"line":56,"column":24}},"37":{"start":{"line":60,"column":0},"end":{"line":60,"column":56}},"38":{"start":{"line":62,"column":0},"end":{"line":62,"column":24}},"39":{"start":{"line":63,"column":0},"end":{"line":63,"column":44}},"40":{"start":{"line":65,"column":14},"end":{"line":65,"column":16}},"41":{"start":{"line":67,"column":2},"end":{"line":69,"column":3}},"42":{"start":{"line":67,"column":15},"end":{"line":67,"column":16}},"43":{"start":{"line":68,"column":4},"end":{"line":68,"column":39}},"44":{"start":{"line":71,"column":2},"end":{"line":75,"column":3}},"45":{"start":{"line":72,"column":4},"end":{"line":72,"column":18}},"46":{"start":{"line":74,"column":4},"end":{"line":74,"column":19}},"47":{"start":{"line":78,"column":0},"end":{"line":78,"column":35}},"48":{"start":{"line":79,"column":0},"end":{"line":79,"column":44}},"49":{"start":{"line":82,"column":2},"end":{"line":86,"column":3}},"50":{"start":{"line":83,"column":4},"end":{"line":83,"column":13}},"51":{"start":{"line":85,"column":4},"end":{"line":85,"column":13}},"52":{"start":{"line":89,"column":0},"end":{"line":89,"column":43}},"53":{"start":{"line":92,"column":2},"end":{"line":92,"column":23}},"54":{"start":{"line":95,"column":0},"end":{"line":95,"column":62}},"55":{"start":{"line":96,"column":0},"end":{"line":96,"column":44}},"56":{"start":{"line":99,"column":2},"end":{"line":103,"column":3}},"57":{"start":{"line":100,"column":4},"end":{"line":100,"column":13}},"58":{"start":{"line":102,"column":4},"end":{"line":102,"column":13}},"59":{"start":{"line":106,"column":0},"end":{"line":106,"column":43}},"60":{"start":{"line":109,"column":2},"end":{"line":109,"column":23}},"61":{"start":{"line":112,"column":0},"end":{"line":112,"column":62}},"62":{"start":{"line":113,"column":0},"end":{"line":113,"column":44}},"63":{"start":{"line":115,"column":12},"end":{"line":115,"column":14}},"64":{"start":{"line":117,"column":0},"end":{"line":119,"column":1}},"65":{"start":{"line":117,"column":13},"end":{"line":117,"column":14}},"66":{"start":{"line":118,"column":2},"end":{"line":118,"column":48}},"67":{"start":{"line":121,"column":0},"end":{"line":121,"column":38}},"68":{"start":{"line":124,"column":2},"end":{"line":132,"column":3}},"69":{"start":{"line":124,"column":15},"end":{"line":124,"column":16}},"70":{"start":{"line":125,"column":4},"end":{"line":125,"column":25}},"71":{"start":{"line":126,"column":4},"end":{"line":126,"column":39}},"72":{"start":{"line":127,"column":4},"end":{"line":127,"column":39}},"73":{"start":{"line":129,"column":4},"end":{"line":131,"column":5}},"74":{"start":{"line":130,"column":6},"end":{"line":130,"column":30}},"75":{"start":{"line":134,"column":2},"end":{"line":134,"column":13}},"76":{"start":{"line":137,"column":0},"end":{"line":137,"column":62}},"77":{"start":{"line":139,"column":0},"end":{"line":139,"column":56}},"78":{"start":{"line":141,"column":0},"end":{"line":141,"column":24}},"79":{"start":{"line":142,"column":0},"end":{"line":142,"column":44}},"80":{"start":{"line":144,"column":0},"end":{"line":144,"column":50}},"81":{"start":{"line":145,"column":0},"end":{"line":145,"column":44}},"82":{"start":{"line":147,"column":22},"end":{"line":153,"column":1}},"83":{"start":{"line":155,"column":14},"end":{"line":155,"column":46}},"84":{"start":{"line":156,"column":14},"end":{"line":156,"column":46}},"85":{"start":{"line":157,"column":14},"end":{"line":157,"column":46}},"86":{"start":{"line":158,"column":18},"end":{"line":158,"column":39}},"87":{"start":{"line":160,"column":0},"end":{"line":164,"column":1}},"88":{"start":{"line":160,"column":13},"end":{"line":160,"column":14}},"89":{"start":{"line":161,"column":2},"end":{"line":163,"column":3}},"90":{"start":{"line":162,"column":4},"end":{"line":162,"column":67}},"91":{"start":{"line":166,"column":0},"end":{"line":166,"column":56}},"92":{"start":{"line":168,"column":0},"end":{"line":168,"column":24}},"93":{"start":{"line":169,"column":0},"end":{"line":169,"column":44}},"94":{"start":{"line":171,"column":11},"end":{"line":171,"column":23}},"95":{"start":{"line":172,"column":0},"end":{"line":172,"column":36}},"96":{"start":{"line":173,"column":0},"end":{"line":173,"column":60}},"97":{"start":{"line":174,"column":0},"end":{"line":174,"column":44}},"98":{"start":{"line":177,"column":17},"end":{"line":177,"column":19}},"99":{"start":{"line":179,"column":2},"end":{"line":185,"column":3}},"100":{"start":{"line":179,"column":15},"end":{"line":179,"column":16}},"101":{"start":{"line":180,"column":23},"end":{"line":180,"column":78}},"102":{"start":{"line":182,"column":4},"end":{"line":184,"column":5}},"103":{"start":{"line":183,"column":6},"end":{"line":183,"column":30}},"104":{"start":{"line":187,"column":2},"end":{"line":187,"column":51}},"105":{"start":{"line":190,"column":10},"end":{"line":190,"column":18}},"106":{"start":{"line":191,"column":0},"end":{"line":191,"column":54}},"107":{"start":{"line":193,"column":0},"end":{"line":193,"column":56}},"108":{"start":{"line":195,"column":0},"end":{"line":195,"column":24}},"109":{"start":{"line":196,"column":0},"end":{"line":196,"column":44}},"110":{"start":{"line":199,"column":2},"end":{"line":199,"column":48}},"111":{"start":{"line":202,"column":13},"end":{"line":202,"column":20}},"112":{"start":{"line":203,"column":0},"end":{"line":203,"column":75}},"113":{"start":{"line":204,"column":0},"end":{"line":204,"column":44}},"114":{"start":{"line":207,"column":17},"end":{"line":209,"column":3}},"115":{"start":{"line":208,"column":4},"end":{"line":208,"column":63}},"116":{"start":{"line":211,"column":18},"end":{"line":211,"column":20}},"117":{"start":{"line":213,"column":2},"end":{"line":219,"column":4}},"118":{"start":{"line":215,"column":7},"end":{"line":218,"column":7}},"119":{"start":{"line":221,"column":2},"end":{"line":221,"column":19}},"120":{"start":{"line":224,"column":0},"end":{"line":224,"column":12}},"121":{"start":{"line":225,"column":0},"end":{"line":225,"column":57}},"122":{"start":{"line":226,"column":0},"end":{"line":226,"column":44}},"123":{"start":{"line":229,"column":2},"end":{"line":237,"column":9}},"124":{"start":{"line":230,"column":4},"end":{"line":236,"column":5}},"125":{"start":{"line":231,"column":6},"end":{"line":231,"column":60}},"126":{"start":{"line":232,"column":6},"end":{"line":232,"column":17}},"127":{"start":{"line":234,"column":6},"end":{"line":234,"column":38}},"128":{"start":{"line":235,"column":6},"end":{"line":235,"column":17}},"129":{"start":{"line":240,"column":0},"end":{"line":243,"column":2}},"130":{"start":{"line":244,"column":0},"end":{"line":244,"column":44}},"131":{"start":{"line":247,"column":19},"end":{"line":247,"column":20}},"132":{"start":{"line":249,"column":2},"end":{"line":274,"column":3}},"133":{"start":{"line":250,"column":4},"end":{"line":250,"column":24}},"134":{"start":{"line":252,"column":4},"end":{"line":252,"column":67}},"135":{"start":{"line":253,"column":17},"end":{"line":253,"column":19}},"136":{"start":{"line":254,"column":16},"end":{"line":254,"column":43}},"137":{"start":{"line":256,"column":4},"end":{"line":271,"column":5}},"138":{"start":{"line":256,"column":17},"end":{"line":256,"column":18}},"139":{"start":{"line":257,"column":24},"end":{"line":257,"column":26}},"140":{"start":{"line":259,"column":6},"end":{"line":268,"column":7}},"141":{"start":{"line":259,"column":19},"end":{"line":259,"column":20}},"142":{"start":{"line":260,"column":8},"end":{"line":262,"column":39}},"143":{"start":{"line":263,"column":8},"end":{"line":263,"column":16}},"144":{"start":{"line":265,"column":8},"end":{"line":267,"column":9}},"145":{"start":{"line":266,"column":10},"end":{"line":266,"column":38}},"146":{"start":{"line":270,"column":6},"end":{"line":270,"column":38}},"147":{"start":{"line":273,"column":4},"end":{"line":273,"column":18}},"148":{"start":{"line":277,"column":18},"end":{"line":277,"column":20}},"149":{"start":{"line":278,"column":17},"end":{"line":278,"column":18}},"150":{"start":{"line":279,"column":16},"end":{"line":279,"column":17}},"151":{"start":{"line":280,"column":22},"end":{"line":280,"column":74}},"152":{"start":{"line":281,"column":0},"end":{"line":281,"column":27}},"153":{"start":{"line":283,"column":0},"end":{"line":283,"column":56}},"154":{"start":{"line":285,"column":0},"end":{"line":285,"column":24}},"155":{"start":{"line":286,"column":0},"end":{"line":286,"column":44}},"156":{"start":{"line":289,"column":2},"end":{"line":291,"column":3}},"157":{"start":{"line":290,"column":4},"end":{"line":290,"column":16}},"158":{"start":{"line":293,"column":16},"end":{"line":293,"column":33}},"159":{"start":{"line":294,"column":16},"end":{"line":294,"column":33}},"160":{"start":{"line":296,"column":2},"end":{"line":298,"column":3}},"161":{"start":{"line":297,"column":4},"end":{"line":297,"column":17}},"162":{"start":{"line":300,"column":2},"end":{"line":302,"column":3}},"163":{"start":{"line":301,"column":4},"end":{"line":301,"column":17}},"164":{"start":{"line":304,"column":2},"end":{"line":318,"column":3}},"165":{"start":{"line":305,"column":17},"end":{"line":305,"column":26}},"166":{"start":{"line":306,"column":17},"end":{"line":306,"column":26}},"167":{"start":{"line":308,"column":4},"end":{"line":310,"column":5}},"168":{"start":{"line":309,"column":6},"end":{"line":309,"column":19}},"169":{"start":{"line":312,"column":4},"end":{"line":317,"column":5}},"170":{"start":{"line":316,"column":6},"end":{"line":316,"column":19}},"171":{"start":{"line":320,"column":2},"end":{"line":320,"column":14}},"172":{"start":{"line":323,"column":0},"end":{"line":323,"column":35}},"173":{"start":{"line":324,"column":0},"end":{"line":324,"column":35}},"174":{"start":{"line":325,"column":0},"end":{"line":325,"column":44}},"175":{"start":{"line":334,"column":2},"end":{"line":368,"column":3}},"176":{"start":{"line":335,"column":4},"end":{"line":335,"column":24}},"177":{"start":{"line":337,"column":23},"end":{"line":337,"column":72}},"178":{"start":{"line":339,"column":24},"end":{"line":339,"column":26}},"179":{"start":{"line":340,"column":16},"end":{"line":340,"column":43}},"180":{"start":{"line":342,"column":4},"end":{"line":366,"column":5}},"181":{"start":{"line":342,"column":17},"end":{"line":342,"column":18}},"182":{"start":{"line":343,"column":32},"end":{"line":343,"column":34}},"183":{"start":{"line":345,"column":6},"end":{"line":356,"column":7}},"184":{"start":{"line":346,"column":8},"end":{"line":346,"column":45}},"185":{"start":{"line":347,"column":8},"end":{"line":347,"column":49}},"186":{"start":{"line":348,"column":13},"end":{"line":356,"column":7}},"187":{"start":{"line":349,"column":8},"end":{"line":349,"column":63}},"188":{"start":{"line":350,"column":8},"end":{"line":352,"column":56}},"189":{"start":{"line":354,"column":8},"end":{"line":354,"column":50}},"190":{"start":{"line":355,"column":8},"end":{"line":355,"column":50}},"191":{"start":{"line":358,"column":6},"end":{"line":361,"column":57}},"192":{"start":{"line":363,"column":6},"end":{"line":363,"column":14}},"193":{"start":{"line":365,"column":6},"end":{"line":365,"column":60}},"194":{"start":{"line":367,"column":4},"end":{"line":367,"column":25}},"195":{"start":{"line":371,"column":0},"end":{"line":371,"column":17}},"196":{"start":{"line":372,"column":0},"end":{"line":372,"column":15}},"197":{"start":{"line":373,"column":0},"end":{"line":373,"column":14}},"198":{"start":{"line":374,"column":18},"end":{"line":374,"column":19}},"199":{"start":{"line":375,"column":19},"end":{"line":375,"column":20}},"200":{"start":{"line":376,"column":0},"end":{"line":384,"column":2}},"201":{"start":{"line":386,"column":0},"end":{"line":386,"column":56}},"202":{"start":{"line":388,"column":0},"end":{"line":388,"column":24}},"203":{"start":{"line":389,"column":0},"end":{"line":389,"column":44}},"204":{"start":{"line":391,"column":14},"end":{"line":391,"column":40}},"205":{"start":{"line":392,"column":0},"end":{"line":392,"column":19}},"206":{"start":{"line":393,"column":17},"end":{"line":393,"column":67}},"207":{"start":{"line":394,"column":0},"end":{"line":394,"column":22}},"208":{"start":{"line":396,"column":21},"end":{"line":421,"column":1}},"209":{"start":{"line":423,"column":17},"end":{"line":423,"column":43}},"210":{"start":{"line":424,"column":0},"end":{"line":424,"column":30}},"211":{"start":{"line":426,"column":0},"end":{"line":426,"column":56}},"212":{"start":{"line":428,"column":0},"end":{"line":428,"column":24}},"213":{"start":{"line":429,"column":0},"end":{"line":429,"column":44}},"214":{"start":{"line":431,"column":17},"end":{"line":431,"column":52}},"215":{"start":{"line":432,"column":17},"end":{"line":432,"column":52}},"216":{"start":{"line":433,"column":17},"end":{"line":433,"column":52}},"217":{"start":{"line":434,"column":21},"end":{"line":434,"column":51}},"218":{"start":{"line":436,"column":18},"end":{"line":457,"column":1}},"219":{"start":{"line":439,"column":12},"end":{"line":439,"column":13}},"220":{"start":{"line":440,"column":17},"end":{"line":453,"column":5}},"221":{"start":{"line":441,"column":6},"end":{"line":444,"column":7}},"222":{"start":{"line":442,"column":22},"end":{"line":442,"column":36}},"223":{"start":{"line":443,"column":8},"end":{"line":443,"column":38}},"224":{"start":{"line":446,"column":6},"end":{"line":450,"column":7}},"225":{"start":{"line":447,"column":8},"end":{"line":447,"column":14}},"226":{"start":{"line":448,"column":22},"end":{"line":448,"column":36}},"227":{"start":{"line":449,"column":8},"end":{"line":449,"column":38}},"228":{"start":{"line":452,"column":6},"end":{"line":452,"column":28}},"229":{"start":{"line":455,"column":4},"end":{"line":455,"column":20}},"230":{"start":{"line":459,"column":0},"end":{"line":467,"column":1}},"231":{"start":{"line":460,"column":25},"end":{"line":460,"column":53}},"232":{"start":{"line":462,"column":2},"end":{"line":466,"column":3}},"233":{"start":{"line":463,"column":4},"end":{"line":465,"column":6}},"234":{"start":{"line":464,"column":6},"end":{"line":464,"column":53}},"235":{"start":{"line":469,"column":0},"end":{"line":469,"column":44}},"236":{"start":{"line":472,"column":17},"end":{"line":472,"column":69}},"237":{"start":{"line":473,"column":22},"end":{"line":473,"column":40}},"238":{"start":{"line":475,"column":2},"end":{"line":475,"column":62}},"239":{"start":{"line":476,"column":20},"end":{"line":476,"column":37}},"240":{"start":{"line":478,"column":21},"end":{"line":478,"column":22}},"241":{"start":{"line":480,"column":21},"end":{"line":480,"column":70}},"242":{"start":{"line":482,"column":22},"end":{"line":482,"column":24}},"243":{"start":{"line":484,"column":2},"end":{"line":497,"column":3}},"244":{"start":{"line":485,"column":4},"end":{"line":485,"column":64}},"245":{"start":{"line":486,"column":16},"end":{"line":486,"column":50}},"246":{"start":{"line":488,"column":4},"end":{"line":496,"column":5}},"247":{"start":{"line":488,"column":17},"end":{"line":488,"column":18}},"248":{"start":{"line":489,"column":32},"end":{"line":489,"column":34}},"249":{"start":{"line":490,"column":6},"end":{"line":490,"column":43}},"250":{"start":{"line":491,"column":6},"end":{"line":491,"column":47}},"251":{"start":{"line":492,"column":6},"end":{"line":492,"column":44}},"252":{"start":{"line":493,"column":6},"end":{"line":493,"column":43}},"253":{"start":{"line":494,"column":6},"end":{"line":494,"column":60}},"254":{"start":{"line":495,"column":6},"end":{"line":495,"column":14}},"255":{"start":{"line":499,"column":14},"end":{"line":499,"column":15}},"256":{"start":{"line":500,"column":2},"end":{"line":510,"column":3}},"257":{"start":{"line":500,"column":15},"end":{"line":500,"column":16}},"258":{"start":{"line":501,"column":30},"end":{"line":501,"column":32}},"259":{"start":{"line":502,"column":4},"end":{"line":502,"column":41}},"260":{"start":{"line":503,"column":4},"end":{"line":503,"column":46}},"261":{"start":{"line":504,"column":4},"end":{"line":506,"column":52}},"262":{"start":{"line":507,"column":4},"end":{"line":507,"column":60}},"263":{"start":{"line":508,"column":4},"end":{"line":508,"column":12}},"264":{"start":{"line":509,"column":4},"end":{"line":509,"column":58}},"265":{"start":{"line":512,"column":2},"end":{"line":512,"column":12}},"266":{"start":{"line":513,"column":2},"end":{"line":527,"column":3}},"267":{"start":{"line":514,"column":4},"end":{"line":526,"column":5}},"268":{"start":{"line":515,"column":14},"end":{"line":515,"column":15}},"269":{"start":{"line":519,"column":32},"end":{"line":519,"column":34}},"270":{"start":{"line":520,"column":6},"end":{"line":520,"column":43}},"271":{"start":{"line":521,"column":6},"end":{"line":521,"column":47}},"272":{"start":{"line":522,"column":6},"end":{"line":522,"column":44}},"273":{"start":{"line":523,"column":6},"end":{"line":523,"column":43}},"274":{"start":{"line":524,"column":6},"end":{"line":524,"column":14}},"275":{"start":{"line":525,"column":6},"end":{"line":525,"column":60}},"276":{"start":{"line":529,"column":2},"end":{"line":529,"column":23}},"277":{"start":{"line":532,"column":0},"end":{"line":532,"column":18}},"278":{"start":{"line":533,"column":0},"end":{"line":533,"column":16}},"279":{"start":{"line":534,"column":0},"end":{"line":534,"column":17}},"280":{"start":{"line":535,"column":0},"end":{"line":535,"column":66}}},"fnMap":{"0":{"name":"palindrome","decl":{"start":{"line":64,"column":9},"end":{"line":64,"column":19}},"loc":{"start":{"line":64,"column":26},"end":{"line":76,"column":1}},"line":64},"1":{"name":"min","decl":{"start":{"line":81,"column":9},"end":{"line":81,"column":12}},"loc":{"start":{"line":81,"column":19},"end":{"line":87,"column":1}},"line":81},"2":{"name":"minWithTernaryOperator","decl":{"start":{"line":91,"column":9},"end":{"line":91,"column":31}},"loc":{"start":{"line":91,"column":38},"end":{"line":93,"column":1}},"line":91},"3":{"name":"max","decl":{"start":{"line":98,"column":9},"end":{"line":98,"column":12}},"loc":{"start":{"line":98,"column":19},"end":{"line":104,"column":1}},"line":98},"4":{"name":"maxWithTernaryOperator","decl":{"start":{"line":108,"column":9},"end":{"line":108,"column":31}},"loc":{"start":{"line":108,"column":38},"end":{"line":110,"column":1}},"line":108},"5":{"name":"replaceZeroWithString","decl":{"start":{"line":123,"column":9},"end":{"line":123,"column":30}},"loc":{"start":{"line":123,"column":36},"end":{"line":135,"column":1}},"line":123},"6":{"name":"stringSearch","decl":{"start":{"line":176,"column":9},"end":{"line":176,"column":21}},"loc":{"start":{"line":176,"column":27},"end":{"line":188,"column":1}},"line":176},"7":{"name":"palindromeNew","decl":{"start":{"line":198,"column":9},"end":{"line":198,"column":22}},"loc":{"start":{"line":198,"column":29},"end":{"line":200,"column":1}},"line":198},"8":{"name":"newStringSearch","decl":{"start":{"line":206,"column":9},"end":{"line":206,"column":24}},"loc":{"start":{"line":206,"column":30},"end":{"line":222,"column":1}},"line":206},"9":{"name":"(anonymous_9)","decl":{"start":{"line":207,"column":31},"end":{"line":207,"column":32}},"loc":{"start":{"line":208,"column":4},"end":{"line":208,"column":63}},"line":208},"10":{"name":"(anonymous_10)","decl":{"start":{"line":214,"column":4},"end":{"line":214,"column":5}},"loc":{"start":{"line":215,"column":7},"end":{"line":218,"column":7}},"line":215},"11":{"name":"matchCountryWithCities","decl":{"start":{"line":228,"column":9},"end":{"line":228,"column":31}},"loc":{"start":{"line":228,"column":37},"end":{"line":238,"column":1}},"line":228},"12":{"name":"(anonymous_12)","decl":{"start":{"line":229,"column":20},"end":{"line":229,"column":21}},"loc":{"start":{"line":229,"column":35},"end":{"line":237,"column":3}},"line":229},"13":{"name":"getCalendarMonth","decl":{"start":{"line":246,"column":9},"end":{"line":246,"column":25}},"loc":{"start":{"line":246,"column":62},"end":{"line":275,"column":1}},"line":246},"14":{"name":"deepEqual","decl":{"start":{"line":288,"column":9},"end":{"line":288,"column":18}},"loc":{"start":{"line":288,"column":31},"end":{"line":321,"column":1}},"line":288},"15":{"name":"getCalendarMonthNew","decl":{"start":{"line":327,"column":9},"end":{"line":327,"column":28}},"loc":{"start":{"line":333,"column":2},"end":{"line":369,"column":1}},"line":333},"16":{"name":"(anonymous_16)","decl":{"start":{"line":438,"column":2},"end":{"line":438,"column":3}},"loc":{"start":{"line":438,"column":22},"end":{"line":456,"column":3}},"line":438},"17":{"name":"(anonymous_17)","decl":{"start":{"line":440,"column":17},"end":{"line":440,"column":18}},"loc":{"start":{"line":440,"column":23},"end":{"line":453,"column":5}},"line":440},"18":{"name":"(anonymous_18)","decl":{"start":{"line":463,"column":19},"end":{"line":463,"column":20}},"loc":{"start":{"line":463,"column":31},"end":{"line":465,"column":5}},"line":463},"19":{"name":"newGetCalendarMonth","decl":{"start":{"line":471,"column":9},"end":{"line":471,"column":28}},"loc":{"start":{"line":471,"column":62},"end":{"line":530,"column":1}},"line":471}},"branchMap":{"0":{"loc":{"start":{"line":44,"column":2},"end":{"line":46,"column":3}},"type":"if","locations":[{"start":{"line":44,"column":2},"end":{"line":46,"column":3}},{"start":{},"end":{}}],"line":44},"1":{"loc":{"start":{"line":44,"column":6},"end":{"line":44,"column":31}},"type":"binary-expr","locations":[{"start":{"line":44,"column":6},"end":{"line":44,"column":16}},{"start":{"line":44,"column":20},"end":{"line":44,"column":31}}],"line":44},"2":{"loc":{"start":{"line":55,"column":2},"end":{"line":57,"column":3}},"type":"if","locations":[{"start":{"line":55,"column":2},"end":{"line":57,"column":3}},{"start":{},"end":{}}],"line":55},"3":{"loc":{"start":{"line":71,"column":2},"end":{"line":75,"column":3}},"type":"if","locations":[{"start":{"line":71,"column":2},"end":{"line":75,"column":3}},{"start":{"line":73,"column":9},"end":{"line":75,"column":3}}],"line":71},"4":{"loc":{"start":{"line":82,"column":2},"end":{"line":86,"column":3}},"type":"if","locations":[{"start":{"line":82,"column":2},"end":{"line":86,"column":3}},{"start":{"line":84,"column":9},"end":{"line":86,"column":3}}],"line":82},"5":{"loc":{"start":{"line":92,"column":9},"end":{"line":92,"column":22}},"type":"cond-expr","locations":[{"start":{"line":92,"column":17},"end":{"line":92,"column":18}},{"start":{"line":92,"column":21},"end":{"line":92,"column":22}}],"line":92},"6":{"loc":{"start":{"line":99,"column":2},"end":{"line":103,"column":3}},"type":"if","locations":[{"start":{"line":99,"column":2},"end":{"line":103,"column":3}},{"start":{"line":101,"column":9},"end":{"line":103,"column":3}}],"line":99},"7":{"loc":{"start":{"line":109,"column":9},"end":{"line":109,"column":22}},"type":"cond-expr","locations":[{"start":{"line":109,"column":17},"end":{"line":109,"column":18}},{"start":{"line":109,"column":21},"end":{"line":109,"column":22}}],"line":109},"8":{"loc":{"start":{"line":129,"column":4},"end":{"line":131,"column":5}},"type":"if","locations":[{"start":{"line":129,"column":4},"end":{"line":131,"column":5}},{"start":{},"end":{}}],"line":129},"9":{"loc":{"start":{"line":161,"column":2},"end":{"line":163,"column":3}},"type":"if","locations":[{"start":{"line":161,"column":2},"end":{"line":163,"column":3}},{"start":{},"end":{}}],"line":161},"10":{"loc":{"start":{"line":182,"column":4},"end":{"line":184,"column":5}},"type":"if","locations":[{"start":{"line":182,"column":4},"end":{"line":184,"column":5}},{"start":{},"end":{}}],"line":182},"11":{"loc":{"start":{"line":187,"column":9},"end":{"line":187,"column":50}},"type":"cond-expr","locations":[{"start":{"line":187,"column":29},"end":{"line":187,"column":35}},{"start":{"line":187,"column":38},"end":{"line":187,"column":50}}],"line":187},"12":{"loc":{"start":{"line":230,"column":4},"end":{"line":236,"column":5}},"type":"if","locations":[{"start":{"line":230,"column":4},"end":{"line":236,"column":5}},{"start":{"line":233,"column":11},"end":{"line":236,"column":5}}],"line":230},"13":{"loc":{"start":{"line":249,"column":2},"end":{"line":274,"column":3}},"type":"if","locations":[{"start":{"line":249,"column":2},"end":{"line":274,"column":3}},{"start":{"line":251,"column":9},"end":{"line":274,"column":3}}],"line":249},"14":{"loc":{"start":{"line":249,"column":6},"end":{"line":249,"column":47}},"type":"binary-expr","locations":[{"start":{"line":249,"column":6},"end":{"line":249,"column":20}},{"start":{"line":249,"column":24},"end":{"line":249,"column":47}}],"line":249},"15":{"loc":{"start":{"line":260,"column":8},"end":{"line":262,"column":38}},"type":"cond-expr","locations":[{"start":{"line":261,"column":12},"end":{"line":261,"column":33}},{"start":{"line":262,"column":12},"end":{"line":262,"column":38}}],"line":260},"16":{"loc":{"start":{"line":265,"column":8},"end":{"line":267,"column":9}},"type":"if","locations":[{"start":{"line":265,"column":8},"end":{"line":267,"column":9}},{"start":{},"end":{}}],"line":265},"17":{"loc":{"start":{"line":289,"column":2},"end":{"line":291,"column":3}},"type":"if","locations":[{"start":{"line":289,"column":2},"end":{"line":291,"column":3}},{"start":{},"end":{}}],"line":289},"18":{"loc":{"start":{"line":296,"column":2},"end":{"line":298,"column":3}},"type":"if","locations":[{"start":{"line":296,"column":2},"end":{"line":298,"column":3}},{"start":{},"end":{}}],"line":296},"19":{"loc":{"start":{"line":300,"column":2},"end":{"line":302,"column":3}},"type":"if","locations":[{"start":{"line":300,"column":2},"end":{"line":302,"column":3}},{"start":{},"end":{}}],"line":300},"20":{"loc":{"start":{"line":308,"column":4},"end":{"line":310,"column":5}},"type":"if","locations":[{"start":{"line":308,"column":4},"end":{"line":310,"column":5}},{"start":{},"end":{}}],"line":308},"21":{"loc":{"start":{"line":308,"column":8},"end":{"line":308,"column":77}},"type":"binary-expr","locations":[{"start":{"line":308,"column":8},"end":{"line":308,"column":32}},{"start":{"line":308,"column":36},"end":{"line":308,"column":60}},{"start":{"line":308,"column":64},"end":{"line":308,"column":77}}],"line":308},"22":{"loc":{"start":{"line":312,"column":4},"end":{"line":317,"column":5}},"type":"if","locations":[{"start":{"line":312,"column":4},"end":{"line":317,"column":5}},{"start":{},"end":{}}],"line":312},"23":{"loc":{"start":{"line":313,"column":6},"end":{"line":314,"column":28}},"type":"binary-expr","locations":[{"start":{"line":313,"column":7},"end":{"line":313,"column":30}},{"start":{"line":313,"column":34},"end":{"line":313,"column":57}},{"start":{"line":314,"column":6},"end":{"line":314,"column":28}}],"line":313},"24":{"loc":{"start":{"line":334,"column":2},"end":{"line":368,"column":3}},"type":"if","locations":[{"start":{"line":334,"column":2},"end":{"line":368,"column":3}},{"start":{"line":336,"column":9},"end":{"line":368,"column":3}}],"line":334},"25":{"loc":{"start":{"line":334,"column":6},"end":{"line":334,"column":47}},"type":"binary-expr","locations":[{"start":{"line":334,"column":6},"end":{"line":334,"column":20}},{"start":{"line":334,"column":24},"end":{"line":334,"column":47}}],"line":334},"26":{"loc":{"start":{"line":345,"column":6},"end":{"line":356,"column":7}},"type":"if","locations":[{"start":{"line":345,"column":6},"end":{"line":356,"column":7}},{"start":{"line":348,"column":13},"end":{"line":356,"column":7}}],"line":345},"27":{"loc":{"start":{"line":348,"column":13},"end":{"line":356,"column":7}},"type":"if","locations":[{"start":{"line":348,"column":13},"end":{"line":356,"column":7}},{"start":{"line":353,"column":13},"end":{"line":356,"column":7}}],"line":348},"28":{"loc":{"start":{"line":350,"column":8},"end":{"line":352,"column":55}},"type":"cond-expr","locations":[{"start":{"line":351,"column":13},"end":{"line":351,"column":53}},{"start":{"line":352,"column":13},"end":{"line":352,"column":54}}],"line":350},"29":{"loc":{"start":{"line":359,"column":8},"end":{"line":361,"column":56}},"type":"binary-expr","locations":[{"start":{"line":359,"column":8},"end":{"line":359,"column":51}},{"start":{"line":360,"column":9},"end":{"line":360,"column":53}},{"start":{"line":361,"column":10},"end":{"line":361,"column":55}}],"line":359},"30":{"loc":{"start":{"line":441,"column":6},"end":{"line":444,"column":7}},"type":"if","locations":[{"start":{"line":441,"column":6},"end":{"line":444,"column":7}},{"start":{},"end":{}}],"line":441},"31":{"loc":{"start":{"line":446,"column":6},"end":{"line":450,"column":7}},"type":"if","locations":[{"start":{"line":446,"column":6},"end":{"line":450,"column":7}},{"start":{},"end":{}}],"line":446},"32":{"loc":{"start":{"line":462,"column":2},"end":{"line":466,"column":3}},"type":"if","locations":[{"start":{"line":462,"column":2},"end":{"line":466,"column":3}},{"start":{},"end":{}}],"line":462},"33":{"loc":{"start":{"line":484,"column":2},"end":{"line":497,"column":3}},"type":"if","locations":[{"start":{"line":484,"column":2},"end":{"line":497,"column":3}},{"start":{},"end":{}}],"line":484},"34":{"loc":{"start":{"line":505,"column":6},"end":{"line":506,"column":51}},"type":"binary-expr","locations":[{"start":{"line":505,"column":6},"end":{"line":505,"column":50}},{"start":{"line":506,"column":6},"end":{"line":506,"column":51}}],"line":505},"35":{"loc":{"start":{"line":513,"column":2},"end":{"line":527,"column":3}},"type":"if","locations":[{"start":{"line":513,"column":2},"end":{"line":527,"column":3}},{"start":{},"end":{}}],"line":513}},"s":{"0":1,"1":1,"2":1,"3":1,"4":1,"5":1,"6":1,"7":1,"8":1,"9":1,"10":1,"11":1,"12":1,"13":1,"14":1,"15":1,"16":1,"17":1,"18":1,"19":1,"20":1,"21":4,"22":1,"23":1,"24":1,"25":1,"26":1,"27":1,"28":8,"29":2,"30":1,"31":1,"32":1,"33":1,"34":1,"35":8,"36":5,"37":1,"38":1,"39":1,"40":1,"41":1,"42":1,"43":7,"44":1,"45":1,"46":0,"47":1,"48":1,"49":1,"50":1,"51":0,"52":1,"53":1,"54":1,"55":1,"56":1,"57":0,"58":1,"59":1,"60":1,"61":1,"62":1,"63":1,"64":1,"65":1,"66":10,"67":1,"68":1,"69":1,"70":10,"71":10,"72":10,"73":10,"74":10,"75":1,"76":1,"77":1,"78":1,"79":1,"80":1,"81":1,"82":1,"83":1,"84":1,"85":1,"86":1,"87":1,"88":1,"89":4,"90":0,"91":1,"92":1,"93":1,"94":1,"95":1,"96":1,"97":1,"98":1,"99":1,"100":1,"101":8,"102":8,"103":2,"104":1,"105":1,"106":1,"107":1,"108":1,"109":1,"110":1,"111":1,"112":1,"113":1,"114":1,"115":31,"116":1,"117":1,"118":3,"119":1,"120":1,"121":1,"122":1,"123":1,"124":31,"125":8,"126":8,"127":23,"128":23,"129":1,"130":1,"131":1,"132":1,"133":0,"134":1,"135":1,"136":1,"137":1,"138":1,"139":5,"140":5,"141":5,"142":35,"143":35,"144":35,"145":1,"146":5,"147":1,"148":1,"149":1,"150":1,"151":1,"152":1,"153":1,"154":1,"155":1,"156":5,"157":0,"158":5,"159":5,"160":5,"161":1,"162":4,"163":0,"164":4,"165":7,"166":7,"167":7,"168":0,"169":7,"170":1,"171":3,"172":1,"173":1,"174":1,"175":1,"176":0,"177":1,"178":1,"179":1,"180":1,"181":1,"182":35,"183":35,"184":4,"185":4,"186":31,"187":1,"188":1,"189":30,"190":30,"191":35,"192":35,"193":35,"194":1,"195":1,"196":1,"197":1,"198":1,"199":1,"200":1,"201":1,"202":1,"203":1,"204":1,"205":1,"206":1,"207":1,"208":1,"209":1,"210":1,"211":1,"212":1,"213":1,"214":1,"215":1,"216":1,"217":1,"218":1,"219":3,"220":3,"221":0,"222":0,"223":0,"224":0,"225":0,"226":0,"227":0,"228":0,"229":3,"230":1,"231":3,"232":3,"233":0,"234":0,"235":1,"236":1,"237":1,"238":1,"239":1,"240":1,"241":1,"242":1,"243":1,"244":1,"245":1,"246":1,"247":1,"248":1,"249":1,"250":1,"251":1,"252":1,"253":1,"254":1,"255":1,"256":1,"257":1,"258":30,"259":30,"260":30,"261":30,"262":30,"263":30,"264":30,"265":1,"266":1,"267":1,"268":1,"269":4,"270":4,"271":4,"272":4,"273":4,"274":4,"275":4,"276":1,"277":1,"278":1,"279":1,"280":1},"f":{"0":1,"1":1,"2":1,"3":1,"4":1,"5":1,"6":1,"7":1,"8":1,"9":31,"10":3,"11":1,"12":31,"13":1,"14":5,"15":1,"16":3,"17":0,"18":0,"19":1},"b":{"0":[2,6],"1":[8,4],"2":[5,3],"3":[1,0],"4":[1,0],"5":[1,0],"6":[0,1],"7":[0,1],"8":[10,0],"9":[0,4],"10":[2,6],"11":[1,0],"12":[8,23],"13":[0,1],"14":[1,1],"15":[5,30],"16":[1,34],"17":[0,5],"18":[1,4],"19":[0,4],"20":[0,7],"21":[7,5,4],"22":[1,6],"23":[7,5,3],"24":[0,1],"25":[1,1],"26":[4,31],"27":[1,30],"28":[1,0],"29":[35,30,29],"30":[0,0],"31":[0,0],"32":[0,3],"33":[1,0],"34":[30,29],"35":[1,0]},"_coverageSchema":"1a1c01bbd47fc00a2c39e90264f33305004495a9","hash":"946d881a56b0e113312801dc036ae45ac5665334"}
,"C:\\Users\\Nata\\Documents\\Intellectfox\\dev\\if-js\\scr\\sum.js": {"path":"C:\\Users\\Nata\\Documents\\Intellectfox\\dev\\if-js\\scr\\sum.js","statementMap":{"0":{"start":{"line":2,"column":2},"end":{"line":4,"column":4}},"1":{"start":{"line":3,"column":4},"end":{"line":3,"column":17}},"2":{"start":{"line":8,"column":2},"end":{"line":8,"column":45}}},"fnMap":{"0":{"name":"sum","decl":{"start":{"line":1,"column":16},"end":{"line":1,"column":19}},"loc":{"start":{"line":1,"column":23},"end":{"line":5,"column":1}},"line":1},"1":{"name":"(anonymous_1)","decl":{"start":{"line":2,"column":9},"end":{"line":2,"column":10}},"loc":{"start":{"line":2,"column":22},"end":{"line":4,"column":3}},"line":2},"2":{"name":"changeDateFormat","decl":{"start":{"line":7,"column":16},"end":{"line":7,"column":32}},"loc":{"start":{"line":7,"column":39},"end":{"line":9,"column":1}},"line":7}},"branchMap":{},"s":{"0":2,"1":2,"2":2},"f":{"0":2,"1":2,"2":2},"b":{},"_coverageSchema":"1a1c01bbd47fc00a2c39e90264f33305004495a9","hash":"4317806b90432272c91cf1b8e7ba05db8cc9e2b5"}
,"C:\\Users\\Nata\\Documents\\Intellectfox\\dev\\if-js\\scr\\constants\\data.js": {"path":"C:\\Users\\Nata\\Documents\\Intellectfox\\dev\\if-js\\scr\\constants\\data.js","statementMap":{"0":{"start":{"line":1,"column":20},"end":{"line":42,"column":1}}},"fnMap":{},"branchMap":{},"s":{"0":1},"f":{},"b":{},"_coverageSchema":"1a1c01bbd47fc00a2c39e90264f33305004495a9","hash":"c80ad305cd711d863e636ca04492dde070273fce"}
,"C:\\Users\\Nata\\Documents\\Intellectfox\\dev\\if-js\\scr\\constants\\hotels.js": {"path":"C:\\Users\\Nata\\Documents\\Intellectfox\\dev\\if-js\\scr\\constants\\hotels.js","statementMap":{"0":{"start":{"line":1,"column":22},"end":{"line":157,"column":1}}},"fnMap":{},"branchMap":{},"s":{"0":1},"f":{},"b":{},"_coverageSchema":"1a1c01bbd47fc00a2c39e90264f33305004495a9","hash":"9b8d1ffefcf22c2d2a3e0296804d3492227503fc"}
,"C:\\Users\\Nata\\Documents\\Intellectfox\\dev\\if-js\\scr\\constants\\objects.js": {"path":"C:\\Users\\Nata\\Documents\\Intellectfox\\dev\\if-js\\scr\\constants\\objects.js","statementMap":{"0":{"start":{"line":1,"column":20},"end":{"line":10,"column":1}},"1":{"start":{"line":12,"column":20},"end":{"line":21,"column":1}},"2":{"start":{"line":23,"column":20},"end":{"line":32,"column":1}}},"fnMap":{},"branchMap":{},"s":{"0":1,"1":1,"2":1},"f":{},"b":{},"_coverageSchema":"1a1c01bbd47fc00a2c39e90264f33305004495a9","hash":"0f5439ae6fbbdd61e7855a6e75c72fe0aae5503b"}
,"C:\\Users\\Nata\\Documents\\Intellectfox\\dev\\if-js\\scr\\entities\\student.js": {"path":"C:\\Users\\Nata\\Documents\\Intellectfox\\dev\\if-js\\scr\\entities\\student.js","statementMap":{"0":{"start":{"line":5,"column":4},"end":{"line":5,"column":32}},"1":{"start":{"line":6,"column":8},"end":{"line":6,"column":41}},"2":{"start":{"line":7,"column":8},"end":{"line":7,"column":37}},"3":{"start":{"line":10,"column":21},"end":{"line":10,"column":45}},"4":{"start":{"line":11,"column":8},"end":{"line":11,"column":40}}},"fnMap":{"0":{"name":"(anonymous_0)","decl":{"start":{"line":4,"column":4},"end":{"line":4,"column":5}},"loc":{"start":{"line":4,"column":64},"end":{"line":8,"column":5}},"line":4},"1":{"name":"(anonymous_1)","decl":{"start":{"line":9,"column":4},"end":{"line":9,"column":5}},"loc":{"start":{"line":9,"column":17},"end":{"line":12,"column":5}},"line":9}},"branchMap":{},"s":{"0":5,"1":5,"2":5,"3":4,"4":4},"f":{"0":5,"1":4},"b":{},"_coverageSchema":"1a1c01bbd47fc00a2c39e90264f33305004495a9","hash":"0fede247e3259f7993df54ca3a0fe3259ed5da0f"}
,"C:\\Users\\Nata\\Documents\\Intellectfox\\dev\\if-js\\scr\\entities\\students.js": {"path":"C:\\Users\\Nata\\Documents\\Intellectfox\\dev\\if-js\\scr\\entities\\students.js","statementMap":{"0":{"start":{"line":5,"column":0},"end":{"line":5,"column":33}},"1":{"start":{"line":10,"column":17},"end":{"line":10,"column":18}},"2":{"start":{"line":11,"column":16},"end":{"line":11,"column":17}},"3":{"start":{"line":12,"column":22},"end":{"line":12,"column":24}},"4":{"start":{"line":14,"column":8},"end":{"line":17,"column":16}},"5":{"start":{"line":15,"column":12},"end":{"line":15,"column":106}},"6":{"start":{"line":16,"column":12},"end":{"line":16,"column":16}},"7":{"start":{"line":19,"column":0},"end":{"line":19,"column":70}},"8":{"start":{"line":19,"column":29},"end":{"line":19,"column":67}},"9":{"start":{"line":22,"column":7},"end":{"line":23,"column":84}},"10":{"start":{"line":23,"column":13},"end":{"line":23,"column":82}}},"fnMap":{"0":{"name":"(anonymous_0)","decl":{"start":{"line":4,"column":4},"end":{"line":4,"column":5}},"loc":{"start":{"line":4,"column":31},"end":{"line":6,"column":5}},"line":4},"1":{"name":"(anonymous_1)","decl":{"start":{"line":9,"column":1},"end":{"line":9,"column":2}},"loc":{"start":{"line":9,"column":18},"end":{"line":24,"column":5}},"line":9},"2":{"name":"(anonymous_2)","decl":{"start":{"line":14,"column":30},"end":{"line":14,"column":31}},"loc":{"start":{"line":14,"column":41},"end":{"line":17,"column":14}},"line":14},"3":{"name":"(anonymous_3)","decl":{"start":{"line":19,"column":13},"end":{"line":19,"column":14}},"loc":{"start":{"line":19,"column":28},"end":{"line":19,"column":68}},"line":19},"4":{"name":"(anonymous_4)","decl":{"start":{"line":23,"column":1},"end":{"line":23,"column":2}},"loc":{"start":{"line":23,"column":13},"end":{"line":23,"column":82}},"line":23}},"branchMap":{},"s":{"0":1,"1":1,"2":1,"3":1,"4":1,"5":4,"6":4,"7":1,"8":5,"9":1,"10":4},"f":{"0":1,"1":1,"2":4,"3":5,"4":4},"b":{},"_coverageSchema":"1a1c01bbd47fc00a2c39e90264f33305004495a9","hash":"20c092a738acee623b42129c4470aff6ddf38fdf"}
,"C:\\Users\\Nata\\Documents\\Intellectfox\\dev\\if-js\\scr\\entities\\user.js": {"path":"C:\\Users\\Nata\\Documents\\Intellectfox\\dev\\if-js\\scr\\entities\\user.js","statementMap":{"0":{"start":{"line":3,"column":8},"end":{"line":3,"column":33}},"1":{"start":{"line":4,"column":8},"end":{"line":4,"column":31}},"2":{"start":{"line":7,"column":8},"end":{"line":7,"column":51}}},"fnMap":{"0":{"name":"(anonymous_0)","decl":{"start":{"line":2,"column":4},"end":{"line":2,"column":5}},"loc":{"start":{"line":2,"column":38},"end":{"line":5,"column":5}},"line":2},"1":{"name":"(anonymous_1)","decl":{"start":{"line":6,"column":4},"end":{"line":6,"column":5}},"loc":{"start":{"line":6,"column":19},"end":{"line":8,"column":5}},"line":6}},"branchMap":{},"s":{"0":6,"1":6,"2":4},"f":{"0":6,"1":4},"b":{},"_coverageSchema":"1a1c01bbd47fc00a2c39e90264f33305004495a9","hash":"8cdc5a207a8a9fc75214cec6201bc2fb6ba41c98"}
}
