TN:
SF:scr\lessons1-9\colors.js
FN:3,getColor
FN:5,(anonymous_1)
FNF:2
FNH:2
FNDA:3,getColor
FNDA:3,(anonymous_1)
DA:4,3
DA:5,3
DA:6,3
DA:7,0
DA:9,3
DA:10,3
DA:11,3
LF:7
LH:6
BRDA:6,0,0,0
BRDA:6,0,1,3
BRF:2
BRH:1
end_of_record
TN:
SF:scr\lessons1-9\main.js
FN:64,palindrome
FN:81,min
FN:91,minWithTernaryOperator
FN:98,max
FN:108,maxWithTernaryOperator
FN:123,replaceZeroWithString
FN:176,stringSearch
FN:198,palindromeNew
FN:206,newStringSearch
FN:207,(anonymous_9)
FN:214,(anonymous_10)
FN:228,matchCountryWithCities
FN:229,(anonymous_12)
FN:246,getCalendarMonth
FN:288,deepEqual
FN:327,getCalendarMonthNew
FN:438,(anonymous_16)
FN:440,(anonymous_17)
FN:463,(anonymous_18)
FN:471,newGetCalendarMonth
FNF:20
FNH:18
FNDA:1,palindrome
FNDA:1,min
FNDA:1,minWithTernaryOperator
FNDA:1,max
FNDA:1,maxWithTernaryOperator
FNDA:1,replaceZeroWithString
FNDA:1,stringSearch
FNDA:1,palindromeNew
FNDA:1,newStringSearch
FNDA:31,(anonymous_9)
FNDA:3,(anonymous_10)
FNDA:1,matchCountryWithCities
FNDA:31,(anonymous_12)
FNDA:1,getCalendarMonth
FNDA:5,deepEqual
FNDA:1,getCalendarMonthNew
FNDA:3,(anonymous_16)
FNDA:0,(anonymous_17)
FNDA:0,(anonymous_18)
FNDA:1,newGetCalendarMonth
DA:10,1
DA:11,1
DA:13,1
DA:14,1
DA:15,1
DA:16,1
DA:17,1
DA:18,1
DA:19,1
DA:21,1
DA:22,1
DA:23,1
DA:24,1
DA:25,1
DA:26,1
DA:27,1
DA:28,1
DA:30,1
DA:31,1
DA:33,1
DA:34,4
DA:37,1
DA:38,1
DA:40,1
DA:41,1
DA:43,1
DA:44,8
DA:45,2
DA:49,1
DA:51,1
DA:52,1
DA:54,1
DA:55,8
DA:56,5
DA:60,1
DA:62,1
DA:63,1
DA:65,1
DA:67,1
DA:68,7
DA:71,1
DA:72,1
DA:74,0
DA:78,1
DA:79,1
DA:82,1
DA:83,1
DA:85,0
DA:89,1
DA:92,1
DA:95,1
DA:96,1
DA:99,1
DA:100,0
DA:102,1
DA:106,1
DA:109,1
DA:112,1
DA:113,1
DA:115,1
DA:117,1
DA:118,10
DA:121,1
DA:124,1
DA:125,10
DA:126,10
DA:127,10
DA:129,10
DA:130,9
DA:134,1
DA:137,1
DA:139,1
DA:141,1
DA:142,1
DA:144,1
DA:145,1
DA:147,1
DA:155,1
DA:156,1
DA:157,1
DA:158,1
DA:160,1
DA:161,4
DA:162,0
DA:166,1
DA:168,1
DA:169,1
DA:171,1
DA:172,1
DA:173,1
DA:174,1
DA:177,1
DA:179,1
DA:180,8
DA:182,8
DA:183,2
DA:187,1
DA:190,1
DA:191,1
DA:193,1
DA:195,1
DA:196,1
DA:199,1
DA:202,1
DA:203,1
DA:204,1
DA:207,1
DA:208,31
DA:211,1
DA:213,1
DA:215,3
DA:221,1
DA:224,1
DA:225,1
DA:226,1
DA:229,1
DA:230,31
DA:231,8
DA:232,8
DA:234,23
DA:235,23
DA:240,1
DA:244,1
DA:247,1
DA:249,1
DA:250,0
DA:252,1
DA:253,1
DA:254,1
DA:256,1
DA:257,5
DA:259,5
DA:260,35
DA:263,35
DA:265,35
DA:266,1
DA:270,5
DA:273,1
DA:277,1
DA:278,1
DA:279,1
DA:280,1
DA:281,1
DA:283,1
DA:285,1
DA:286,1
DA:289,5
DA:290,0
DA:293,5
DA:294,5
DA:296,5
DA:297,1
DA:300,4
DA:301,0
DA:304,4
DA:305,7
DA:306,7
DA:308,7
DA:309,0
DA:312,7
DA:316,1
DA:320,3
DA:323,1
DA:324,1
DA:325,1
DA:334,1
DA:335,0
DA:337,1
DA:339,1
DA:340,1
DA:342,1
DA:343,35
DA:345,35
DA:346,4
DA:347,4
DA:348,31
DA:349,1
DA:350,1
DA:354,30
DA:355,30
DA:358,35
DA:363,35
DA:365,35
DA:367,1
DA:371,1
DA:372,1
DA:373,1
DA:374,1
DA:375,1
DA:376,1
DA:386,1
DA:388,1
DA:389,1
DA:391,1
DA:392,1
DA:393,1
DA:394,1
DA:396,1
DA:423,1
DA:424,1
DA:426,1
DA:428,1
DA:429,1
DA:431,1
DA:432,1
DA:433,1
DA:434,1
DA:436,1
DA:439,3
DA:440,3
DA:441,0
DA:442,0
DA:443,0
DA:446,0
DA:447,0
DA:448,0
DA:449,0
DA:452,0
DA:455,3
DA:459,1
DA:460,3
DA:462,3
DA:463,0
DA:464,0
DA:469,1
DA:472,1
DA:473,1
DA:475,1
DA:476,1
DA:478,1
DA:480,1
DA:482,1
DA:484,1
DA:485,1
DA:486,1
DA:488,1
DA:489,1
DA:490,1
DA:491,1
DA:492,1
DA:493,1
DA:494,1
DA:495,1
DA:499,1
DA:500,1
DA:501,30
DA:502,30
DA:503,30
DA:504,30
DA:507,30
DA:508,30
DA:509,30
DA:512,1
DA:513,1
DA:514,1
DA:515,1
DA:519,4
DA:520,4
DA:521,4
DA:522,4
DA:523,4
DA:524,4
DA:525,4
DA:529,1
DA:532,1
DA:533,1
DA:534,1
DA:535,1
LF:268
LH:249
BRDA:44,0,0,2
BRDA:44,0,1,6
BRDA:44,1,0,8
BRDA:44,1,1,4
BRDA:55,2,0,5
BRDA:55,2,1,3
BRDA:71,3,0,1
BRDA:71,3,1,0
BRDA:82,4,0,1
BRDA:82,4,1,0
BRDA:92,5,0,1
BRDA:92,5,1,0
BRDA:99,6,0,0
BRDA:99,6,1,1
BRDA:109,7,0,0
BRDA:109,7,1,1
BRDA:129,8,0,9
BRDA:129,8,1,1
BRDA:161,9,0,0
BRDA:161,9,1,4
BRDA:182,10,0,2
BRDA:182,10,1,6
BRDA:187,11,0,1
BRDA:187,11,1,0
BRDA:230,12,0,8
BRDA:230,12,1,23
BRDA:249,13,0,0
BRDA:249,13,1,1
BRDA:249,14,0,1
BRDA:249,14,1,1
BRDA:260,15,0,5
BRDA:260,15,1,30
BRDA:265,16,0,1
BRDA:265,16,1,34
BRDA:289,17,0,0
BRDA:289,17,1,5
BRDA:296,18,0,1
BRDA:296,18,1,4
BRDA:300,19,0,0
BRDA:300,19,1,4
BRDA:308,20,0,0
BRDA:308,20,1,7
BRDA:308,21,0,7
BRDA:308,21,1,5
BRDA:308,21,2,4
BRDA:312,22,0,1
BRDA:312,22,1,6
BRDA:313,23,0,7
BRDA:313,23,1,5
BRDA:313,23,2,3
BRDA:334,24,0,0
BRDA:334,24,1,1
BRDA:334,25,0,1
BRDA:334,25,1,1
BRDA:345,26,0,4
BRDA:345,26,1,31
BRDA:348,27,0,1
BRDA:348,27,1,30
BRDA:350,28,0,1
BRDA:350,28,1,0
BRDA:359,29,0,35
BRDA:359,29,1,30
BRDA:359,29,2,29
BRDA:441,30,0,0
BRDA:441,30,1,0
BRDA:446,31,0,0
BRDA:446,31,1,0
BRDA:462,32,0,0
BRDA:462,32,1,3
BRDA:484,33,0,1
BRDA:484,33,1,0
BRDA:505,34,0,30
BRDA:505,34,1,29
BRDA:513,35,0,1
BRDA:513,35,1,0
BRF:75
BRH:55
end_of_record
TN:
SF:scr\lessons1-9\sum.js
FN:1,sum
FN:2,(anonymous_1)
FN:7,changeDateFormat
FNF:3
FNH:3
FNDA:2,sum
FNDA:2,(anonymous_1)
FNDA:2,changeDateFormat
DA:2,2
DA:3,2
DA:8,2
LF:3
LH:3
BRF:0
BRH:0
end_of_record
TN:
SF:scr\lessons1-9\constants\data.js
FNF:0
FNH:0
DA:1,1
LF:1
LH:1
BRF:0
BRH:0
end_of_record
TN:
SF:scr\lessons1-9\constants\hotels.js
FNF:0
FNH:0
DA:1,1
LF:1
LH:1
BRF:0
BRH:0
end_of_record
TN:
SF:scr\lessons1-9\constants\objects.js
FNF:0
FNH:0
DA:1,1
DA:12,1
DA:23,1
LF:3
LH:3
BRF:0
BRH:0
end_of_record
TN:
SF:scr\lessons1-9\entities\student.js
FN:4,(anonymous_0)
FN:9,(anonymous_1)
FNF:2
FNH:2
FNDA:5,(anonymous_0)
FNDA:4,(anonymous_1)
DA:5,5
DA:6,5
DA:7,5
DA:10,4
DA:11,4
LF:5
LH:5
BRF:0
BRH:0
end_of_record
TN:
SF:scr\lessons1-9\entities\students.js
FN:4,(anonymous_0)
FN:8,(anonymous_1)
FN:12,(anonymous_2)
FN:22,(anonymous_3)
FN:27,(anonymous_4)
FNF:5
FNH:5
FNDA:1,(anonymous_0)
FNDA:1,(anonymous_1)
FNDA:4,(anonymous_2)
FNDA:5,(anonymous_3)
FNDA:4,(anonymous_4)
DA:5,1
DA:9,1
DA:10,1
DA:12,1
DA:13,4
DA:19,4
DA:22,1
DA:23,5
DA:26,1
DA:28,4
LF:10
LH:10
BRF:0
BRH:0
end_of_record
TN:
SF:scr\lessons1-9\entities\user.js
FN:2,(anonymous_0)
FN:6,(anonymous_1)
FNF:2
FNH:2
FNDA:6,(anonymous_0)
FNDA:4,(anonymous_1)
DA:3,6
DA:4,6
DA:7,4
LF:3
LH:3
BRF:0
BRH:0
end_of_record
