TN:
SF:scr\colors.js
FN:3,getColor
FN:5,(anonymous_1)
FNF:2
FNH:2
FNDA:3,getColor
FNDA:3,(anonymous_1)
DA:4,3
DA:5,3
DA:6,3
DA:7,0
DA:9,3
DA:10,3
DA:11,3
LF:7
LH:6
BRDA:6,0,0,0
BRDA:6,0,1,3
BRF:2
BRH:1
end_of_record
TN:
SF:scr\main.js
FN:61,palindrome
FN:78,min
FN:88,minWithTernaryOperator
FN:95,max
FN:105,maxWithTernaryOperator
FN:120,replaceZeroWithString
FN:173,stringSearch
FN:195,palindromeNew
FN:203,newStringSearch
FN:204,(anonymous_9)
FN:211,(anonymous_10)
FN:225,matchCountryWithCities
FN:226,(anonymous_12)
FN:243,getCalendarMonth
FN:285,deepEqual
FN:324,getCalendarMonthNew
FNF:16
FNH:16
FNDA:1,palindrome
FNDA:1,min
FNDA:1,minWithTernaryOperator
FNDA:1,max
FNDA:1,maxWithTernaryOperator
FNDA:1,replaceZeroWithString
FNDA:1,stringSearch
FNDA:1,palindromeNew
FNDA:1,newStringSearch
FNDA:31,(anonymous_9)
FNDA:3,(anonymous_10)
FNDA:1,matchCountryWithCities
FNDA:31,(anonymous_12)
FNDA:1,getCalendarMonth
FNDA:5,deepEqual
FNDA:1,getCalendarMonthNew
DA:7,1
DA:8,1
DA:10,1
DA:11,1
DA:12,1
DA:13,1
DA:14,1
DA:15,1
DA:16,1
DA:18,1
DA:19,1
DA:20,1
DA:21,1
DA:22,1
DA:23,1
DA:24,1
DA:25,1
DA:27,1
DA:28,1
DA:30,1
DA:31,4
DA:34,1
DA:35,1
DA:37,1
DA:38,1
DA:40,1
DA:41,8
DA:42,2
DA:46,1
DA:48,1
DA:49,1
DA:51,1
DA:52,8
DA:53,5
DA:57,1
DA:59,1
DA:60,1
DA:62,1
DA:64,1
DA:65,7
DA:68,1
DA:69,1
DA:71,0
DA:75,1
DA:76,1
DA:79,1
DA:80,1
DA:82,0
DA:86,1
DA:89,1
DA:92,1
DA:93,1
DA:96,1
DA:97,0
DA:99,1
DA:103,1
DA:106,1
DA:109,1
DA:110,1
DA:112,1
DA:114,1
DA:115,10
DA:118,1
DA:121,1
DA:122,10
DA:123,10
DA:124,10
DA:126,10
DA:127,9
DA:131,1
DA:134,1
DA:136,1
DA:138,1
DA:139,1
DA:141,1
DA:142,1
DA:144,1
DA:152,1
DA:153,1
DA:154,1
DA:155,1
DA:157,1
DA:158,4
DA:159,0
DA:163,1
DA:165,1
DA:166,1
DA:168,1
DA:169,1
DA:170,1
DA:171,1
DA:174,1
DA:176,1
DA:177,8
DA:179,8
DA:180,2
DA:184,1
DA:187,1
DA:188,1
DA:190,1
DA:192,1
DA:193,1
DA:196,1
DA:199,1
DA:200,1
DA:201,1
DA:204,1
DA:205,31
DA:208,1
DA:210,1
DA:212,3
DA:218,1
DA:221,1
DA:222,1
DA:223,1
DA:226,1
DA:227,31
DA:228,8
DA:229,8
DA:231,23
DA:232,23
DA:237,1
DA:241,1
DA:244,1
DA:246,1
DA:247,0
DA:249,1
DA:250,1
DA:251,1
DA:253,1
DA:254,5
DA:256,5
DA:257,35
DA:260,35
DA:262,35
DA:263,1
DA:267,5
DA:270,1
DA:274,1
DA:275,1
DA:276,1
DA:277,1
DA:278,1
DA:280,1
DA:282,1
DA:283,1
DA:286,5
DA:287,0
DA:290,5
DA:291,5
DA:293,5
DA:294,1
DA:297,4
DA:298,0
DA:301,4
DA:302,7
DA:303,7
DA:305,7
DA:306,0
DA:309,7
DA:313,1
DA:317,3
DA:320,1
DA:321,1
DA:322,1
DA:325,1
DA:326,0
DA:328,1
DA:329,1
DA:330,1
DA:331,1
DA:332,35
DA:333,35
DA:334,4
DA:335,4
DA:336,4
DA:337,31
DA:338,1
DA:339,1
DA:342,1
DA:344,30
DA:345,30
DA:346,30
DA:348,35
DA:349,35
DA:351,1
DA:355,1
LF:187
LH:178
BRDA:41,0,0,2
BRDA:41,0,1,6
BRDA:41,1,0,8
BRDA:41,1,1,4
BRDA:52,2,0,5
BRDA:52,2,1,3
BRDA:68,3,0,1
BRDA:68,3,1,0
BRDA:79,4,0,1
BRDA:79,4,1,0
BRDA:89,5,0,1
BRDA:89,5,1,0
BRDA:96,6,0,0
BRDA:96,6,1,1
BRDA:106,7,0,0
BRDA:106,7,1,1
BRDA:126,8,0,9
BRDA:126,8,1,1
BRDA:158,9,0,0
BRDA:158,9,1,4
BRDA:179,10,0,2
BRDA:179,10,1,6
BRDA:184,11,0,1
BRDA:184,11,1,0
BRDA:227,12,0,8
BRDA:227,12,1,23
BRDA:246,13,0,0
BRDA:246,13,1,1
BRDA:246,14,0,1
BRDA:246,14,1,1
BRDA:257,15,0,5
BRDA:257,15,1,30
BRDA:262,16,0,1
BRDA:262,16,1,34
BRDA:286,17,0,0
BRDA:286,17,1,5
BRDA:293,18,0,1
BRDA:293,18,1,4
BRDA:297,19,0,0
BRDA:297,19,1,4
BRDA:305,20,0,0
BRDA:305,20,1,7
BRDA:305,21,0,7
BRDA:305,21,1,5
BRDA:305,21,2,4
BRDA:309,22,0,1
BRDA:309,22,1,6
BRDA:310,23,0,7
BRDA:310,23,1,5
BRDA:310,23,2,3
BRDA:325,24,0,0
BRDA:325,24,1,1
BRDA:325,25,0,1
BRDA:325,25,1,1
BRDA:333,26,0,4
BRDA:333,26,1,31
BRDA:337,27,0,1
BRDA:337,27,1,30
BRDA:339,28,0,1
BRDA:339,28,1,0
BRF:60
BRH:47
end_of_record
TN:
SF:scr\sum.js
FN:1,sum
FN:2,(anonymous_1)
FN:7,changeDateFormat
FNF:3
FNH:3
FNDA:2,sum
FNDA:2,(anonymous_1)
FNDA:2,changeDateFormat
DA:2,2
DA:3,2
DA:8,2
LF:3
LH:3
BRF:0
BRH:0
end_of_record
TN:
SF:scr\constants\data.js
FNF:0
FNH:0
DA:1,1
LF:1
LH:1
BRF:0
BRH:0
end_of_record
TN:
SF:scr\constants\hotels.js
FNF:0
FNH:0
DA:1,1
LF:1
LH:1
BRF:0
BRH:0
end_of_record
TN:
SF:scr\constants\objects.js
FNF:0
FNH:0
DA:1,1
DA:12,1
DA:23,1
LF:3
LH:3
BRF:0
BRH:0
end_of_record
